{"/Users/suviliimatainen/Documents/tkt/greenpaths/pathplanners/EcoPaths/frontend/src/constants.ts": {"path":"/Users/suviliimatainen/Documents/tkt/greenpaths/pathplanners/EcoPaths/frontend/src/constants.ts","statementMap":{"0":{"start":{"line":4,"column":13},"end":{"line":4,"column":59}},"1":{"start":{"line":6,"column":13},"end":{"line":6,"column":null}},"2":{"start":{"line":8,"column":13},"end":{"line":8,"column":null}}},"fnMap":{},"branchMap":{},"s":{"0":1,"1":1,"2":1},"f":{},"b":{}}
,"/Users/suviliimatainen/Documents/tkt/greenpaths/pathplanners/EcoPaths/frontend/src/components/MapComponent.tsx": {"path":"/Users/suviliimatainen/Documents/tkt/greenpaths/pathplanners/EcoPaths/frontend/src/components/MapComponent.tsx","statementMap":{"0":{"start":{"line":5,"column":0},"end":{"line":5,"column":49}},"1":{"start":{"line":6,"column":0},"end":{"line":6,"column":56}},"2":{"start":{"line":7,"column":0},"end":{"line":7,"column":34}},"3":{"start":{"line":8,"column":0},"end":{"line":8,"column":33}},"4":{"start":{"line":9,"column":0},"end":{"line":9,"column":38}},"5":{"start":{"line":11,"column":0},"end":{"line":11,"column":60}},"6":{"start":{"line":12,"column":0},"end":{"line":12,"column":57}},"7":{"start":{"line":14,"column":31},"end":{"line":74,"column":1}},"8":{"start":{"line":16,"column":22},"end":{"line":16,"column":62}},"9":{"start":{"line":17,"column":22},"end":{"line":17,"column":62}},"10":{"start":{"line":18,"column":20},"end":{"line":18,"column":48}},"11":{"start":{"line":19,"column":29},"end":{"line":19,"column":45}},"12":{"start":{"line":21,"column":2},"end":{"line":40,"column":53}},"13":{"start":{"line":25,"column":4},"end":{"line":39,"column":null}},"14":{"start":{"line":26,"column":6},"end":{"line":26,"column":41}},"15":{"start":{"line":27,"column":44},"end":{"line":29,"column":22}},"16":{"start":{"line":30,"column":25},"end":{"line":35,"column":8}},"17":{"start":{"line":36,"column":6},"end":{"line":36,"column":55}},"18":{"start":{"line":37,"column":6},"end":{"line":38,"column":21}},"19":{"start":{"line":38,"column":8},"end":{"line":38,"column":21}},"20":{"start":{"line":42,"column":2},"end":{"line":51,"column":null}},"21":{"start":{"line":43,"column":4},"end":{"line":50,"column":6}},"22":{"start":{"line":53,"column":2},"end":{"line":69,"column":null}},"23":{"start":{"line":54,"column":4},"end":{"line":68,"column":4}},"24":{"start":{"line":76,"column":0},"end":{"line":76,"column":28}}},"fnMap":{"0":{"name":"(anonymous_9)","decl":{"start":{"line":14,"column":31},"end":{"line":14,"column":null}},"loc":{"start":{"line":14,"column":31},"end":{"line":74,"column":1}}},"1":{"name":"(anonymous_10)","decl":{"start":{"line":21,"column":12},"end":{"line":21,"column":null}},"loc":{"start":{"line":21,"column":12},"end":{"line":40,"column":3}}},"2":{"name":"(anonymous_11)","decl":{"start":{"line":37,"column":13},"end":{"line":37,"column":null}},"loc":{"start":{"line":37,"column":13},"end":{"line":38,"column":11}}}},"branchMap":{"0":{"loc":{"start":{"line":16,"column":22},"end":{"line":16,"column":62}},"type":"binary-expr","locations":[{"start":{"line":16,"column":22},"end":{"line":16,"column":56}},{"start":{"line":16,"column":60},"end":{"line":16,"column":62}}]},"1":{"loc":{"start":{"line":17,"column":22},"end":{"line":17,"column":62}},"type":"binary-expr","locations":[{"start":{"line":17,"column":22},"end":{"line":17,"column":56}},{"start":{"line":17,"column":60},"end":{"line":17,"column":62}}]},"2":{"loc":{"start":{"line":25,"column":4},"end":{"line":39,"column":null}},"type":"if","locations":[{"start":{"line":25,"column":4},"end":{"line":39,"column":null}}]},"3":{"loc":{"start":{"line":25,"column":8},"end":{"line":25,"column":62}},"type":"binary-expr","locations":[{"start":{"line":25,"column":8},"end":{"line":25,"column":19}},{"start":{"line":25,"column":23},"end":{"line":25,"column":40}},{"start":{"line":25,"column":44},"end":{"line":25,"column":62}}]},"4":{"loc":{"start":{"line":27,"column":44},"end":{"line":29,"column":22}},"type":"cond-expr","locations":[{"start":{"line":28,"column":10},"end":{"line":28,"column":56}},{"start":{"line":29,"column":10},"end":{"line":29,"column":22}}]},"5":{"loc":{"start":{"line":42,"column":2},"end":{"line":51,"column":null}},"type":"if","locations":[{"start":{"line":42,"column":2},"end":{"line":51,"column":null}}]},"6":{"loc":{"start":{"line":53,"column":2},"end":{"line":69,"column":null}},"type":"if","locations":[{"start":{"line":53,"column":2},"end":{"line":69,"column":null}}]}},"s":{"0":1,"1":1,"2":1,"3":1,"4":1,"5":1,"6":1,"7":1,"8":2,"9":2,"10":2,"11":2,"12":2,"13":2,"14":1,"15":1,"16":1,"17":1,"18":1,"19":1,"20":2,"21":1,"22":1,"23":1,"24":1},"f":{"0":2,"1":2,"2":1},"b":{"0":[2,1],"1":[2,0],"2":[1],"3":[2,1,1],"4":[1,0],"5":[1],"6":[1]}}
}
