TN:
SF:src/constants.ts
FNF:0
FNH:0
DA:4,1
DA:6,1
DA:8,1
LF:3
LH:3
BRF:0
BRH:0
end_of_record
TN:
SF:src/components/MapComponent.tsx
FN:14,(anonymous_9)
FN:21,(anonymous_10)
FN:37,(anonymous_11)
FNF:3
FNH:3
FNDA:2,(anonymous_9)
FNDA:2,(anonymous_10)
FNDA:1,(anonymous_11)
DA:5,1
DA:6,1
DA:7,1
DA:8,1
DA:9,1
DA:11,1
DA:12,1
DA:14,1
DA:16,2
DA:17,2
DA:18,2
DA:19,2
DA:21,2
DA:25,2
DA:26,1
DA:27,1
DA:30,1
DA:36,1
DA:37,1
DA:38,1
DA:42,2
DA:43,1
DA:53,1
DA:54,1
DA:76,1
LF:25
LH:25
BRDA:16,0,0,2
BRDA:16,0,1,1
BRDA:17,1,0,2
BRDA:17,1,1,0
BRDA:25,2,0,1
BRDA:25,3,0,2
BRDA:25,3,1,1
BRDA:25,3,2,1
BRDA:27,4,0,1
BRDA:27,4,1,0
BRDA:42,5,0,1
BRDA:53,6,0,1
BRF:12
BRH:10
end_of_record
